<?xml version="1.0" encoding="UTF-8"?>
<testng-results skipped="0" failed="0" ignored="0" total="1" passed="1">
  <reporter-output>
  </reporter-output>
  <suite name="InetBankingV1" duration-ms="15542" started-at="2018-12-29T06:52:24Z" finished-at="2018-12-29T06:52:40Z">
    <groups>
    </groups>
    <test name="BankingApp Test" duration-ms="15542" started-at="2018-12-29T06:52:24Z" finished-at="2018-12-29T06:52:40Z">
      <class name="com.inetbanking.testCases.TC_LoginTest_001">
        <test-method status="PASS" signature="setup(java.lang.String)[pri:0, instance:com.inetbanking.testCases.TC_LoginTest_001@343f4d3d]" name="setup" is-config="true" duration-ms="9160" started-at="2018-12-29T06:52:24Z" finished-at="2018-12-29T06:52:33Z">
          <params>
            <param index="0">
              <value>
                <![CDATA[chrome]]>
              </value>
            </param>
          </params>
          <reporter-output>
          </reporter-output>
        </test-method> <!-- setup -->
        <test-method status="PASS" signature="LoginTest()[pri:0, instance:com.inetbanking.testCases.TC_LoginTest_001@343f4d3d]" name="LoginTest" duration-ms="5627" started-at="2018-12-29T06:52:33Z" finished-at="2018-12-29T06:52:39Z">
          <reporter-output>
          </reporter-output>
        </test-method> <!-- LoginTest -->
        <test-method status="PASS" signature="tearDown()[pri:0, instance:com.inetbanking.testCases.TC_LoginTest_001@343f4d3d]" name="tearDown" is-config="true" duration-ms="722" started-at="2018-12-29T06:52:39Z" finished-at="2018-12-29T06:52:40Z">
          <reporter-output>
          </reporter-output>
        </test-method> <!-- tearDown -->
      </class> <!-- com.inetbanking.testCases.TC_LoginTest_001 -->
    </test> <!-- BankingApp Test -->
  </suite> <!-- InetBankingV1 -->
</testng-results>
